\BOOKMARK [0][-]{chapter*.1}{\376\377\000R\000e\000m\000e\000r\000c\000i\000e\000m\000e\000n\000t\000s}{}% 1
\BOOKMARK [0][-]{chapter*.2}{\376\377\000L\000i\000s\000t\000e\000\040\000d\000e\000s\000\040\000f\000i\000g\000u\000r\000e\000s}{}% 2
\BOOKMARK [0][-]{chapter*.3}{\376\377\000L\000i\000s\000t\000e\000\040\000d\000e\000s\000\040\000t\000a\000b\000l\000e\000a\000u\000x}{}% 3
\BOOKMARK [0][-]{chapter*.5}{\376\377\000I\000n\000t\000r\000o\000d\000u\000c\000t\000i\000o\000n}{}% 4
\BOOKMARK [0][-]{chapter.1}{\376\377\000T\000h\000\351\000o\000r\000i\000e\000\040\000s\000u\000r\000\040\000l\000e\000\040\000c\000a\000l\000e\000n\000d\000r\000i\000e\000r\000\040\000P\000o\000t\000a\000g\000e\000r}{}% 5
\BOOKMARK [1][-]{section.1.1}{\376\377\000D\000\351\000f\000i\000n\000i\000t\000i\000o\000n\000\040\000d\000u\000\040\000p\000o\000t\000a\000g\000e\000r}{chapter.1}% 6
\BOOKMARK [1][-]{section.1.2}{\376\377\000D\000o\000c\000u\000m\000e\000n\000t\000a\000t\000i\000o\000n\000\040\000d\000u\000\040\000p\000r\000o\000j\000e\000t}{chapter.1}% 7
\BOOKMARK [1][-]{section.1.3}{\376\377\000R\000y\000t\000h\000m\000e\000\040\000d\000e\000\040\000l\000a\000\040\000l\000u\000n\000e}{chapter.1}% 8
\BOOKMARK [1][-]{section.1.4}{\376\377\000C\000a\000l\000c\000u\000l\000e\000\040\000d\000e\000s\000\040\000p\000h\000a\000s\000e\000s\000\040\000l\000u\000n\000a\000i\000r\000e\000s}{chapter.1}% 9
\BOOKMARK [1][-]{section.1.5}{\376\377\000L\000e\000s\000\040\000i\000m\000p\000a\000c\000t\000e\000\040\000d\000e\000s\000\040\000c\000y\000c\000l\000e\000\040\000l\000u\000n\000a\000i\000r\000e\000\040\000d\000a\000n\000s\000\040\000l\000e\000s\000\040\000c\000u\000l\000t\000u\000r\000e\000s}{chapter.1}% 10
\BOOKMARK [1][-]{section.1.6}{\376\377\000C\000o\000n\000c\000l\000u\000s\000i\000o\000n}{chapter.1}% 11
\BOOKMARK [0][-]{chapter.2}{\376\377\000A\000n\000d\000r\000o\000i\000d}{}% 12
\BOOKMARK [1][-]{section.2.1}{\376\377\000D\000e\000s\000c\000r\000i\000p\000t\000i\000o\000n}{chapter.2}% 13
\BOOKMARK [1][-]{section.2.2}{\376\377\000L\000e\000\040\000l\000a\000n\000g\000a\000g\000e\000\040\000J\000a\000v\000a}{chapter.2}% 14
\BOOKMARK [1][-]{section.2.3}{\376\377\000C\000o\000m\000p\000o\000s\000i\000t\000i\000o\000n\000\040\000d\000e\000\040\000f\000i\000c\000h\000i\000e\000r}{chapter.2}% 15
\BOOKMARK [1][-]{section.2.4}{\376\377\000E\000n\000v\000i\000r\000o\000n\000n\000e\000m\000e\000n\000t\000\040\000d\000e\000\040\000d\000\351\000v\000e\000l\000o\000p\000p\000e\000m\000e\000n\000t\000\040}{chapter.2}% 16
\BOOKMARK [1][-]{section.2.5}{\376\377\000P\000a\000t\000t\000e\000r\000n\000\040\000d\000'\000A\000n\000d\000r\000o\000i\000d\000\040}{chapter.2}% 17
\BOOKMARK [1][-]{section.2.6}{\376\377\000C\000o\000n\000c\000l\000u\000s\000i\000o\000n}{chapter.2}% 18
\BOOKMARK [0][-]{chapter.3}{\376\377\000I\000m\000p\000l\000a\000n\000t\000a\000t\000i\000o\000n\000\040\000d\000u\000\040\000p\000r\000o\000g\000r\000a\000m\000m\000e}{}% 19
\BOOKMARK [1][-]{section.3.1}{\376\377\000C\000y\000c\000l\000e\000\040\000d\000e\000\040\000v\000i\000e\000\040\000d\000'\000u\000n\000e\000\040\000a\000c\000t\000i\000v\000i\000t\000\351}{chapter.3}% 20
\BOOKMARK [1][-]{section.3.2}{\376\377\000L\000e\000s\000\040\000i\000n\000t\000e\000n\000t\000e\000s}{chapter.3}% 21
\BOOKMARK [1][-]{section.3.3}{\376\377\000M\000o\000d\000e\000l\000i\000s\000a\000t\000i\000o\000n\000\040\000d\000u\000\040\000p\000r\000o\000g\000r\000a\000m\000m\000e}{chapter.3}% 22
\BOOKMARK [1][-]{section.3.4}{\376\377\000P\000r\000\351\000s\000e\000n\000t\000a\000t\000i\000o\000n\000\040\000d\000e\000\040\000l\000'\000a\000p\000p\000l\000i\000c\000a\000t\000i\000o\000n}{chapter.3}% 23
\BOOKMARK [1][-]{section.3.5}{\376\377\000C\000o\000n\000c\000l\000u\000s\000i\000o\000n}{chapter.3}% 24
\BOOKMARK [0][-]{chapter*.40}{\376\377\000C\000o\000n\000c\000l\000u\000s\000i\000o\000n}{}% 25
\BOOKMARK [0][-]{chapter*.41}{\376\377\000R\000\351\000f\000\351\000r\000e\000n\000c\000e\000s}{}% 26
\BOOKMARK [0][-]{appendix.A}{\376\377\000A\000n\000n\000e\000x\000e\000s}{}% 27
\BOOKMARK [1][-]{section.A.1}{\376\377\000C\000O\000D\000E\000\040\000S\000O\000U\000R\000C\000E}{appendix.A}% 28
